Flutter crash report.
Please report a bug at https://github.com/flutter/flutter/issues.

## command

flutter --quiet assemble --no-version-check --depfile F:\amy\eCommerce_node_admin_panel-anhduy\eCommerce_node_admin_panel-anhduy\mobile_app\build\app\intermediates\flutter\debug/flutter_build.d --output F:\amy\eCommerce_node_admin_panel-anhduy\eCommerce_node_admin_panel-anhduy\mobile_app\build\app\intermediates\flutter\debug -dTargetFile=F:\amy\eCommerce_node_admin_panel-anhduy\eCommerce_node_admin_panel-anhduy\mobile_app\lib\main.dart -dTargetPlatform=android -dBuildMode=debug -dTrackWidgetCreation=true -dFlavor= -dAndroidArchs=android-x64 -dMinSdkVersion=21 debug_android_application

## exception

PathAccessException: PathAccessException: Cannot delete file, path = 'F:\amy\eCommerce_node_admin_panel-anhduy\eCommerce_node_admin_panel-anhduy\mobile_app\.dart_tool\flutter_build\276b56aad02816b5683d17bba2309334\gen_localizations.stamp' (OS Error: The process cannot access the file because it is being used by another process.
, errno = 32)

```
#0      _File.throwIfError (dart:io/file_impl.dart:675:7)
#1      _File._deleteSync (dart:io/file_impl.dart:329:5)
#2      FileSystemEntity.deleteSync (dart:io/file_system_entity.dart:407:7)
#3      ForwardingFileSystemEntity.deleteSync (package:file/src/forwarding/forwarding_file_system_entity.dart:70:16)
#4      ForwardingFileSystemEntity.deleteSync (package:file/src/forwarding/forwarding_file_system_entity.dart:70:16)
#5      new Node (package:flutter_tools/src/build_system/build_system.dart:1014:15)
#6      Target._toNode (package:flutter_tools/src/build_system/build_system.dart:162:12)
#7      Target._toNode (package:flutter_tools/src/build_system/build_system.dart:167:58)
#8      Target._toNode (package:flutter_tools/src/build_system/build_system.dart:167:58)
#9      Target._toNode (package:flutter_tools/src/build_system/build_system.dart:167:58)
#10     Target._toNode (package:flutter_tools/src/build_system/build_system.dart:167:58)
#11     Target._toNode (package:flutter_tools/src/build_system/build_system.dart:167:58)
#12     FlutterBuildSystem.build (package:flutter_tools/src/build_system/build_system.dart:624:30)
#13     AssembleCommand.runCommand (package:flutter_tools/src/commands/assemble.dart:328:51)
#14     FlutterCommand.verifyThenRunCommand (package:flutter_tools/src/runner/flutter_command.dart:1772:12)
<asynchronous suspension>
#15     FlutterCommand.run.<anonymous closure> (package:flutter_tools/src/runner/flutter_command.dart:1408:27)
<asynchronous suspension>
#16     AppContext.run.<anonymous closure> (package:flutter_tools/src/base/context.dart:153:19)
<asynchronous suspension>
#17     CommandRunner.runCommand (package:args/command_runner.dart:212:13)
<asynchronous suspension>
#18     FlutterCommandRunner.runCommand.<anonymous closure> (package:flutter_tools/src/runner/flutter_command_runner.dart:420:9)
<asynchronous suspension>
#19     AppContext.run.<anonymous closure> (package:flutter_tools/src/base/context.dart:153:19)
<asynchronous suspension>
#20     FlutterCommandRunner.runCommand (package:flutter_tools/src/runner/flutter_command_runner.dart:364:5)
<asynchronous suspension>
#21     run.<anonymous closure>.<anonymous closure> (package:flutter_tools/runner.dart:130:9)
<asynchronous suspension>
#22     AppContext.run.<anonymous closure> (package:flutter_tools/src/base/context.dart:153:19)
<asynchronous suspension>
#23     main (package:flutter_tools/executable.dart:93:3)
<asynchronous suspension>
```

## flutter doctor

```
[✓] Flutter (Channel stable, 3.24.5, on Microsoft Windows [Version 10.0.19045.5247], locale en-US)
    • Flutter version 3.24.5 on channel stable at D:\flutter
    • Upstream repository https://github.com/flutter/flutter.git
    • Framework revision dec2ee5c1f (5 weeks ago), 2024-11-13 11:13:06 -0800
    • Engine revision a18df97ca5
    • Dart version 3.5.4
    • DevTools version 2.37.3

[✓] Windows Version (Installed version of Windows is version 10 or higher)

[!] Android toolchain - develop for Android devices (Android SDK version 34.0.0)
    • Android SDK at D:\Android Studio Koala\Sdk
    ✗ cmdline-tools component is missing
      Run `path/to/sdkmanager --install "cmdline-tools;latest"`
      See https://developer.android.com/studio/command-line for more details.
    ✗ Android license status unknown.
      Run `flutter doctor --android-licenses` to accept the SDK licenses.
      See https://flutter.dev/to/windows-android-setup for more details.

[✓] Chrome - develop for the web
    • Chrome at C:\Program Files\Google\Chrome\Application\chrome.exe

[✓] Visual Studio - develop Windows apps (Visual Studio Community 2022 17.12.0)
    • Visual Studio at D:\Visual Studio
    • Visual Studio Community 2022 version 17.12.35506.116
    • Windows 10 SDK version 10.0.22621.0

[✓] Android Studio (version 2024.1)
    • Android Studio at D:\Android Studio Koala\Android
    • Flutter plugin can be installed from:
      🔨 https://plugins.jetbrains.com/plugin/9212-flutter
    • Dart plugin can be installed from:
      🔨 https://plugins.jetbrains.com/plugin/6351-dart
    • Java version OpenJDK Runtime Environment (build 17.0.11+0--11852314)

[✓] IntelliJ IDEA Ultimate Edition (version 2024.2)
    • IntelliJ at D:\JetBrains\IntelliJ IDEA 2024.2.3
    • Flutter plugin version 82.1.3
    • Dart plugin version 242.22855.32

[✓] Connected device (3 available)
    • Windows (desktop) • windows • windows-x64    • Microsoft Windows [Version 10.0.19045.5247]
    • Chrome (web)      • chrome  • web-javascript • Google Chrome 131.0.6778.140
    • Edge (web)        • edge    • web-javascript • Microsoft Edge 131.0.2903.99

[✓] Network resources
    • All expected network resources are available.

! Doctor found issues in 1 category.
```
